[    0.000000] Initializing cgroup subsys cpuset
[    0.000000] Initializing cgroup subsys cpu
[    0.000000] Initializing cgroup subsys cpuacct
[    0.000000] Linux version 4.4.0-109-generic (buildd@lgw01-amd64-038) (gcc version 5.4.0 20160609 (Ubuntu 5.4.0-6ubuntu1~16.04.5) ) #132-Ubuntu SMP Tue Jan 9 19:52:39 UTC 2018 (Ubuntu 4.4.0-109.132-generic 4.4.98)
[    0.000000] Command line: BOOT_IMAGE=/boot/vmlinuz-4.4.0-109-generic root=LABEL=cloudimg-rootfs ro console=tty1 console=ttyS0
[    0.000000] KERNEL supported cpus:
[    0.000000]   Intel GenuineIntel
[    0.000000]   AMD AuthenticAMD
[    0.000000]   Centaur CentaurHauls
[    0.000000] x86/fpu: xstate_offset[2]:  576, xstate_sizes[2]:  256
[    0.000000] x86/fpu: Supporting XSAVE feature 0x01: 'x87 floating point registers'
[    0.000000] x86/fpu: Supporting XSAVE feature 0x02: 'SSE registers'
[    0.000000] x86/fpu: Supporting XSAVE feature 0x04: 'AVX registers'
[    0.000000] x86/fpu: Enabled xstate features 0x7, context size is 832 bytes, using 'standard' format.
[    0.000000] x86/fpu: Using 'lazy' FPU context switches.
[    0.000000] e820: BIOS-provided physical RAM map:
[    0.000000] BIOS-e820: [mem 0x0000000000000000-0x000000000009fbff] usable
[    0.000000] BIOS-e820: [mem 0x000000000009fc00-0x000000000009ffff] reserved
[    0.000000] BIOS-e820: [mem 0x00000000000f0000-0x00000000000fffff] reserved
[    0.000000] BIOS-e820: [mem 0x0000000000100000-0x000000003ffeffff] usable
[    0.000000] BIOS-e820: [mem 0x000000003fff0000-0x000000003fffffff] ACPI data
[    0.000000] BIOS-e820: [mem 0x00000000fec00000-0x00000000fec00fff] reserved
[    0.000000] BIOS-e820: [mem 0x00000000fee00000-0x00000000fee00fff] reserved
[    0.000000] BIOS-e820: [mem 0x00000000fffc0000-0x00000000ffffffff] reserved
[    0.000000] NX (Execute Disable) protection: active
[    0.000000] SMBIOS 2.5 present.
[    0.000000] Hypervisor detected: KVM
[    0.000000] e820: last_pfn = 0x3fff0 max_arch_pfn = 0x400000000
[    0.000000] MTRR: Disabled
[    0.000000] x86/PAT: MTRRs disabled, skipping PAT initialization too.
[    0.000000] CPU MTRRs all blank - virtualized system.
[    0.000000] x86/PAT: Configuration [0-7]: WB  WT  UC- UC  WB  WT  UC- UC  
[    0.000000] found SMP MP-table at [mem 0x0009fff0-0x0009ffff] mapped at [ffff88000009fff0]
[    0.000000] Scanning 1 areas for low memory corruption
[    0.000000] RAMDISK: [mem 0x36adc000-0x37565fff]
[    0.000000] ACPI: Early table checksum verification disabled
[    0.000000] ACPI: RSDP 0x00000000000E0000 000024 (v02 VBOX  )
[    0.000000] ACPI: XSDT 0x000000003FFF0030 00003C (v01 VBOX   VBOXXSDT 00000001 ASL  00000061)
[    0.000000] ACPI: FACP 0x000000003FFF00F0 0000F4 (v04 VBOX   VBOXFACP 00000001 ASL  00000061)
[    0.000000] ACPI: DSDT 0x000000003FFF0470 0021FF (v02 VBOX   VBOXBIOS 00000002 INTL 20100528)
[    0.000000] ACPI: FACS 0x000000003FFF0200 000040
[    0.000000] ACPI: FACS 0x000000003FFF0200 000040
[    0.000000] ACPI: APIC 0x000000003FFF0240 00005C (v02 VBOX   VBOXAPIC 00000001 ASL  00000061)
[    0.000000] ACPI: SSDT 0x000000003FFF02A0 0001CC (v01 VBOX   VBOXCPUT 00000002 INTL 20100528)
[    0.000000] No NUMA configuration found
[    0.000000] Faking a node at [mem 0x0000000000000000-0x000000003ffeffff]
[    0.000000] NODE_DATA(0) allocated [mem 0x3ffeb000-0x3ffeffff]
[    0.000000] kvm-clock: Using msrs 4b564d01 and 4b564d00
[    0.000000] kvm-clock: cpu 0, msr 0:3ffe3001, primary cpu clock
[    0.000000] kvm-clock: using sched offset of 4902109456 cycles
[    0.000000] clocksource: kvm-clock: mask: 0xffffffffffffffff max_cycles: 0x1cd42e4dffb, max_idle_ns: 881590591483 ns
[    0.000000] Zone ranges:
[    0.000000]   DMA      [mem 0x0000000000001000-0x0000000000ffffff]
[    0.000000]   DMA32    [mem 0x0000000001000000-0x000000003ffeffff]
[    0.000000]   Normal   empty
[    0.000000]   Device   empty
[    0.000000] Movable zone start for each node
[    0.000000] Early memory node ranges
[    0.000000]   node   0: [mem 0x0000000000001000-0x000000000009efff]
[    0.000000]   node   0: [mem 0x0000000000100000-0x000000003ffeffff]
[    0.000000] Initmem setup node 0 [mem 0x0000000000001000-0x000000003ffeffff]
[    0.000000] ACPI: PM-Timer IO Port: 0x4008
[    0.000000] IOAPIC[0]: apic_id 2, version 32, address 0xfec00000, GSI 0-23
[    0.000000] ACPI: INT_SRC_OVR (bus 0 bus_irq 0 global_irq 2 dfl dfl)
[    0.000000] ACPI: INT_SRC_OVR (bus 0 bus_irq 9 global_irq 9 high level)
[    0.000000] Using ACPI (MADT) for SMP configuration information
[    0.000000] smpboot: Allowing 2 CPUs, 0 hotplug CPUs
[    0.000000] PM: Registered nosave memory: [mem 0x00000000-0x00000fff]
[    0.000000] PM: Registered nosave memory: [mem 0x0009f000-0x0009ffff]
[    0.000000] PM: Registered nosave memory: [mem 0x000a0000-0x000effff]
[    0.000000] PM: Registered nosave memory: [mem 0x000f0000-0x000fffff]
[    0.000000] e820: [mem 0x40000000-0xfebfffff] available for PCI devices
[    0.000000] Booting paravirtualized kernel on KVM
[    0.000000] clocksource: refined-jiffies: mask: 0xffffffff max_cycles: 0xffffffff, max_idle_ns: 7645519600211568 ns
[    0.000000] setup_percpu: NR_CPUS:512 nr_cpumask_bits:512 nr_cpu_ids:2 nr_node_ids:1
[    0.000000] PERCPU: Embedded 34 pages/cpu @ffff88003fc00000 s99544 r8192 d31528 u1048576
[    0.000000] PV qspinlock hash table entries: 256 (order: 0, 4096 bytes)
[    0.000000] Built 1 zonelists in Node order, mobility grouping on.  Total pages: 257913
[    0.000000] Policy zone: DMA32
[    0.000000] Kernel command line: BOOT_IMAGE=/boot/vmlinuz-4.4.0-109-generic root=LABEL=cloudimg-rootfs ro console=tty1 console=ttyS0
[    0.000000] PID hash table entries: 4096 (order: 3, 32768 bytes)
[    0.000000] Memory: 1001740K/1048120K available (8485K kernel code, 1308K rwdata, 3988K rodata, 1508K init, 1316K bss, 46380K reserved, 0K cma-reserved)
[    0.000000] SLUB: HWalign=64, Order=0-3, MinObjects=0, CPUs=2, Nodes=1
[    0.000000] Kernel/User page tables isolation: enabled
[    0.000000] Hierarchical RCU implementation.
[    0.000000] 	Build-time adjustment of leaf fanout to 64.
[    0.000000] 	RCU restricting CPUs from NR_CPUS=512 to nr_cpu_ids=2.
[    0.000000] RCU: Adjusting geometry for rcu_fanout_leaf=64, nr_cpu_ids=2
[    0.000000] NR_IRQS:33024 nr_irqs:440 16
[    0.000000] Console: colour VGA+ 80x25
[    0.000000] console [tty1] enabled
[    0.000000] console [ttyS0] enabled
[    0.000000] tsc: Detected 2826.016 MHz processor
[    0.469294] Calibrating delay loop (skipped) preset value.. 5652.03 BogoMIPS (lpj=11304064)
[    0.485555] pid_max: default: 32768 minimum: 301
[    0.498716] ACPI: Core revision 20150930
[    0.523677] ACPI: 2 ACPI AML tables successfully acquired and loaded
[    0.546550] Security Framework initialized
[    0.549655] Yama: becoming mindful.
[    0.556252] AppArmor: AppArmor initialized
[    0.557667] Dentry cache hash table entries: 131072 (order: 8, 1048576 bytes)
[    0.560145] Inode-cache hash table entries: 65536 (order: 7, 524288 bytes)
[    0.605499] Mount-cache hash table entries: 2048 (order: 2, 16384 bytes)
[    0.633884] Mountpoint-cache hash table entries: 2048 (order: 2, 16384 bytes)
[    0.635872] Initializing cgroup subsys io
[    0.640073] Initializing cgroup subsys memory
[    0.644995] Initializing cgroup subsys devices
[    0.645957] Initializing cgroup subsys freezer
[    0.656039] Initializing cgroup subsys net_cls
[    0.657469] Initializing cgroup subsys perf_event
[    0.658797] Initializing cgroup subsys net_prio
[    0.685437] Initializing cgroup subsys hugetlb
[    0.686826] Initializing cgroup subsys pids
[    0.713979] CPU: Physical Processor ID: 0
[    0.722052] CPU: Processor Core ID: 0
[    0.724102] mce: CPU supports 0 MCE banks
[    0.749301] Last level iTLB entries: 4KB 64, 2MB 8, 4MB 8
[    0.750477] Last level dTLB entries: 4KB 64, 2MB 0, 4MB 0, 1GB 4
[    0.754288] Freeing SMP alternatives memory: 32K
[    0.769837] ftrace: allocating 32171 entries in 126 pages
[    0.833646] smpboot: APIC(0) Converting physical 0 to logical package 0
[    0.836158] smpboot: Max logical packages: 1
[    0.837765] x2apic enabled
[    0.838927] Switched APIC routing to physical x2apic.
[    0.844578] ..TIMER: vector=0x30 apic1=0 pin1=2 apic2=-1 pin2=-1
[    0.949791] smpboot: CPU0: Intel(R) Core(TM) i7-6600U CPU @ 2.60GHz (family: 0x6, model: 0x4e, stepping: 0x3)
[    0.952977] Performance Events: unsupported p6 CPU model 78 no PMU driver, software events only.
[    0.956106] KVM setup paravirtual spinlock
[    0.960572] x86: Booting SMP configuration:
[    0.962288] .... node  #0, CPUs:      #1
[    0.965225] kvm-clock: cpu 1, msr 0:3ffe3041, secondary cpu clock
[    0.968216] mce: CPU supports 0 MCE banks
[    0.974946] x86: Booted up 1 node, 2 CPUs
[    0.978477] smpboot: Total of 2 processors activated (11304.06 BogoMIPS)
[    0.991472] devtmpfs: initialized
[    1.002689] evm: security.selinux
[    1.003905] evm: security.SMACK64
[    1.005223] evm: security.SMACK64EXEC
[    1.006493] evm: security.SMACK64TRANSMUTE
[    1.007824] evm: security.SMACK64MMAP
[    1.008971] evm: security.ima
[    1.014875] evm: security.capability
[    1.019371] clocksource: jiffies: mask: 0xffffffff max_cycles: 0xffffffff, max_idle_ns: 7645041785100000 ns
[    1.028068] futex hash table entries: 512 (order: 3, 32768 bytes)
[    1.030467] pinctrl core: initialized pinctrl subsystem
[    1.032147] RTC time: 13:13:29, date: 01/22/18
[    1.033646] NET: Registered protocol family 16
[    1.047117] cpuidle: using governor ladder
[    1.058543] cpuidle: using governor menu
[    1.063064] PCCT header not found.
[    1.076780] ACPI: bus type PCI registered
[    1.080420] acpiphp: ACPI Hot Plug PCI Controller Driver version: 0.5
[    1.120049] PCI: Using configuration type 1 for base access
[    1.145630] ACPI: Added _OSI(Module Device)
[    1.146970] ACPI: Added _OSI(Processor Device)
[    1.148320] ACPI: Added _OSI(3.0 _SCP Extensions)
[    1.149617] ACPI: Added _OSI(Processor Aggregator Device)
[    1.151801] ACPI: Executed 1 blocks of module-level executable AML code
[    1.156459] ACPI: Interpreter enabled
[    1.157537] ACPI: (supports S0 S5)
[    1.158584] ACPI: Using IOAPIC for interrupt routing
[    1.160121] PCI: Using host bridge windows from ACPI; if necessary, use "pci=nocrs" and report a bug
[    1.167416] ACPI: PCI Root Bridge [PCI0] (domain 0000 [bus 00-ff])
[    1.169123] acpi PNP0A03:00: _OSC: OS supports [ASPM ClockPM Segments MSI]
[    1.170976] acpi PNP0A03:00: _OSC: not requesting OS control; OS requires [ExtendedConfig ASPM ClockPM MSI]
[    1.173792] acpi PNP0A03:00: fail to add MMCONFIG information, can't access extended PCI configuration space under this bridge.
[    1.177688] PCI host bridge to bus 0000:00
[    1.179524] pci_bus 0000:00: root bus resource [io  0x0000-0x0cf7 window]
[    1.181567] pci_bus 0000:00: root bus resource [io  0x0d00-0xffff window]
[    1.184030] pci_bus 0000:00: root bus resource [mem 0x000a0000-0x000bffff window]
[    1.186370] pci_bus 0000:00: root bus resource [mem 0x40000000-0xffdfffff window]
[    1.189220] pci_bus 0000:00: root bus resource [bus 00-ff]
[    1.200236] pci 0000:00:01.1: legacy IDE quirk: reg 0x10: [io  0x01f0-0x01f7]
[    1.208326] pci 0000:00:01.1: legacy IDE quirk: reg 0x14: [io  0x03f6]
[    1.209573] pci 0000:00:01.1: legacy IDE quirk: reg 0x18: [io  0x0170-0x0177]
[    1.211540] pci 0000:00:01.1: legacy IDE quirk: reg 0x1c: [io  0x0376]
[    1.292348] pci 0000:00:07.0: quirk: [io  0x4000-0x403f] claimed by PIIX4 ACPI
[    1.315522] pci 0000:00:07.0: quirk: [io  0x4100-0x410f] claimed by PIIX4 SMB
[    1.346100] ACPI: PCI Interrupt Link [LNKA] (IRQs 5 9 10 *11)
[    1.356959] ACPI: PCI Interrupt Link [LNKB] (IRQs 5 9 10 *11)
[    1.358628] ACPI: PCI Interrupt Link [LNKC] (IRQs 5 9 *10 11)
[    1.372028] ACPI: PCI Interrupt Link [LNKD] (IRQs 5 *9 10 11)
[    1.374618] ACPI: Enabled 2 GPEs in block 00 to 07
[    1.377061] vgaarb: setting as boot device: PCI:0000:00:02.0
[    1.378785] vgaarb: device added: PCI:0000:00:02.0,decodes=io+mem,owns=io+mem,locks=none
[    1.381295] vgaarb: loaded
[    1.382675] vgaarb: bridge control possible 0000:00:02.0
[    1.384627] SCSI subsystem initialized
[    1.386801] ACPI: bus type USB registered
[    1.388195] usbcore: registered new interface driver usbfs
[    1.389886] usbcore: registered new interface driver hub
[    1.391464] usbcore: registered new device driver usb
[    1.396141] PCI: Using ACPI for IRQ routing
[    1.397833] NetLabel: Initializing
[    1.398860] NetLabel:  domain hash size = 128
[    1.400090] NetLabel:  protocols = UNLABELED CIPSOv4
[    1.401537] NetLabel:  unlabeled traffic allowed by default
[    1.403377] amd_nb: Cannot enumerate AMD northbridges
[    1.404834] clocksource: Switched to clocksource kvm-clock
[    1.416985] AppArmor: AppArmor Filesystem Enabled
[    1.418435] pnp: PnP ACPI init
[    1.420469] pnp: PnP ACPI: found 3 devices
[    1.434519] clocksource: acpi_pm: mask: 0xffffff max_cycles: 0xffffff, max_idle_ns: 2085701024 ns
[    1.437116] NET: Registered protocol family 2
[    1.438728] TCP established hash table entries: 8192 (order: 4, 65536 bytes)
[    1.441680] TCP bind hash table entries: 8192 (order: 5, 131072 bytes)
[    1.443933] TCP: Hash tables configured (established 8192 bind 8192)
[    1.445772] UDP hash table entries: 512 (order: 2, 16384 bytes)
[    1.447431] UDP-Lite hash table entries: 512 (order: 2, 16384 bytes)
[    1.449274] NET: Registered protocol family 1
[    1.450603] pci 0000:00:00.0: Limiting direct PCI/PCI transfers
[    1.452555] pci 0000:00:01.0: Activating ISA DMA hang workarounds
[    1.454473] Unpacking initramfs...
[    4.142360] Freeing initrd memory: 10792K
[    4.143769] platform rtc_cmos: registered platform RTC device (no PNP device found)
[    4.146275] Scanning for low memory corruption every 60 seconds
[    4.148194] audit: initializing netlink subsys (disabled)
[    4.149674] audit: type=2000 audit(1516626818.507:1): initialized
[    4.151527] Initialise system trusted keyring
[    4.152909] HugeTLB registered 2 MB page size, pre-allocated 0 pages
[    4.158508] zbud: loaded
[    4.162318] VFS: Disk quotas dquot_6.6.0
[    4.186754] VFS: Dquot-cache hash table entries: 512 (order 0, 4096 bytes)
[    4.188452] squashfs: version 4.0 (2009/01/31) Phillip Lougher
[    4.191035] fuse init (API version 7.23)
[    4.192150] Key type big_key registered
[    4.194584] Allocating IMA MOK and blacklist keyrings.
[    4.207966] Key type asymmetric registered
[    4.232390] Asymmetric key parser 'x509' registered
[    4.241256] Block layer SCSI generic (bsg) driver version 0.4 loaded (major 249)
[    4.249685] io scheduler noop registered
[    4.254700] io scheduler deadline registered (default)
[    4.262635] io scheduler cfq registered
[    4.265819] pci_hotplug: PCI Hot Plug PCI Core version: 0.5
[    4.267016] pciehp: PCI Express Hot Plug Controller Driver version: 0.4
[    4.268455] ACPI: AC Adapter [AC] (on-line)
[    4.269553] input: Power Button as /devices/LNXSYSTM:00/LNXPWRBN:00/input/input0
[    4.271437] ACPI: Power Button [PWRF]
[    4.274729] input: Sleep Button as /devices/LNXSYSTM:00/LNXSLPBN:00/input/input1
[    4.277837] ACPI: Sleep Button [SLPF]
[    4.288596] GHES: HEST is not enabled!
[    4.291210] ACPI: Battery Slot [BAT0] (battery present)
[    4.334143] Serial: 8250/16550 driver, 32 ports, IRQ sharing enabled
[    4.373742] 00:02: ttyS0 at I/O 0x3f8 (irq = 4, base_baud = 115200) is a 16550A
[    4.391473] Linux agpgart interface v0.103
[    4.395094] loop: module loaded
[    4.396947] scsi host0: ata_piix
[    4.398163] scsi host1: ata_piix
[    4.399143] ata1: PATA max UDMA/33 cmd 0x1f0 ctl 0x3f6 bmdma 0xd000 irq 14
[    4.400736] ata2: PATA max UDMA/33 cmd 0x170 ctl 0x376 bmdma 0xd008 irq 15
[    4.402639] libphy: Fixed MDIO Bus: probed
[    4.403771] tun: Universal TUN/TAP device driver, 1.6
[    4.405032] tun: (C) 1999-2004 Max Krasnyansky <maxk@qualcomm.com>
[    4.407358] PPP generic driver version 2.4.2
[    4.408566] ehci_hcd: USB 2.0 'Enhanced' Host Controller (EHCI) Driver
[    4.410096] ehci-pci: EHCI PCI platform driver
[    4.411279] ehci-platform: EHCI generic platform driver
[    4.412577] ohci_hcd: USB 1.1 'Open' Host Controller (OHCI) Driver
[    4.414293] ohci-pci: OHCI PCI platform driver
[    4.415479] ohci-platform: OHCI generic platform driver
[    4.416751] uhci_hcd: USB Universal Host Controller Interface driver
[    4.418349] i8042: PNP: PS/2 Controller [PNP0303:PS2K,PNP0f03:PS2M] at 0x60,0x64 irq 1,12
[    4.421121] serio: i8042 KBD port at 0x60,0x64 irq 1
[    4.422327] serio: i8042 AUX port at 0x60,0x64 irq 12
[    4.423848] mousedev: PS/2 mouse device common for all mice
[    4.425558] input: AT Translated Set 2 keyboard as /devices/platform/i8042/serio0/input/input2
[    4.430509] rtc_cmos rtc_cmos: rtc core: registered rtc_cmos as rtc0
[    4.434072] rtc_cmos rtc_cmos: alarms up to one day, 114 bytes nvram
[    4.438703] i2c /dev entries driver
[    4.439929] device-mapper: uevent: version 1.0.3
[    4.442560] device-mapper: ioctl: 4.34.0-ioctl (2015-10-28) initialised: dm-devel@redhat.com
[    4.444538] ledtrig-cpu: registered to indicate activity on CPUs
[    4.453574] NET: Registered protocol family 10
[    4.455058] NET: Registered protocol family 17
[    4.456222] Key type dns_resolver registered
[    4.458015] microcode: CPU0 sig=0x406e3, pf=0x2, revision=0x0
[    4.461185] microcode: CPU1 sig=0x406e3, pf=0x2, revision=0x0
[    4.464763] microcode: Microcode Update Driver: v2.01 <tigran@aivazian.fsnet.co.uk>, Peter Oruba
[    4.476137] registered taskstats version 1
[    4.477776] Loading compiled-in X.509 certificates
[    4.480196] Loaded X.509 cert 'Build time autogenerated kernel key: 96e61bd247bb6c4e82ca419795a98fcb171b0e99'
[    4.499966] zswap: loaded using pool lzo/zbud
[    4.504553] Key type trusted registered
[    4.513059] Key type encrypted registered
[    4.514369] AppArmor: AppArmor sha1 policy hashing enabled
[    4.515921] ima: No TPM chip found, activating TPM-bypass!
[    4.517539] evm: HMAC attrs: 0x1
[    4.518953]   Magic number: 2:169:231
[    4.520197] rtc_cmos rtc_cmos: setting system clock to 2018-01-22 13:13:33 UTC (1516626813)
[    4.523229] BIOS EDD facility v0.16 2004-Jun-25, 0 devices found
[    4.524732] EDD information not available.
[    4.581074] Freeing unused kernel memory: 1508K
[    4.582546] Write protecting the kernel read-only data: 14336k
[    4.585143] Freeing unused kernel memory: 1744K
[    4.587087] Freeing unused kernel memory: 108K
Loading, please wait...
starting version 229
[    4.634590] random: systemd-udevd: uninitialized urandom read (16 bytes read, 3 bits of entropy available)
[    4.638153] random: systemd-udevd: uninitialized urandom read (16 bytes read, 3 bits of entropy available)
[    4.640721] random: systemd-udevd: uninitialized urandom read (16 bytes read, 3 bits of entropy available)
[    4.643038] random: udevadm: uninitialized urandom read (16 bytes read, 3 bits of entropy available)
[    4.643065] random: udevadm: uninitialized urandom read (16 bytes read, 3 bits of entropy available)
[    4.650259] random: systemd-udevd: uninitialized urandom read (16 bytes read, 3 bits of entropy available)
[    4.656368] random: systemd-udevd: uninitialized urandom read (16 bytes read, 3 bits of entropy available)
[    4.657944] random: udevadm: uninitialized urandom read (16 bytes read, 3 bits of entropy available)
[    4.658001] random: udevadm: uninitialized urandom read (16 bytes read, 3 bits of entropy available)
[    4.658202] random: udevadm: uninitialized urandom read (16 bytes read, 3 bits of entropy available)
[    4.759282] e1000: Intel(R) PRO/1000 Network Driver - version 7.3.21-k8-NAPI
[    4.826975] e1000: Copyright (c) 1999-2006 Intel Corporation.
[    4.831981] Fusion MPT base driver 3.04.20
[    4.848622] Copyright (c) 1999-2008 LSI Corporation
[    4.860366] Fusion MPT SPI Host driver 3.04.20
[    4.891911] AVX version of gcm_enc/dec engaged.
[    4.897920] AES CTR mode by8 optimization enabled
[    5.160544] input: ImExPS/2 Generic Explorer Mouse as /devices/platform/i8042/serio1/input/input4
[    5.164297] tsc: Refined TSC clocksource calibration: 2808.846 MHz
[    5.167377] clocksource: tsc: mask: 0xffffffffffffffff max_cycles: 0x287ce552599, max_idle_ns: 440795220054 ns
[    5.355612] e1000 0000:00:03.0 eth0: (PCI:33MHz:32-bit) 02:38:07:4c:82:85
[    5.414651] e1000 0000:00:03.0 eth0: Intel(R) PRO/1000 Network Connection
[    5.454020] e1000 0000:00:03.0 enp0s3: renamed from eth0
[    5.457960] mptbase: ioc0: Initiating bringup
[    5.549085] ioc0: LSI53C1030 A0: Capabilities={Initiator}
[    5.726665] scsi host2: ioc0: LSI53C1030 A0, FwRev=00000000h, Ports=1, MaxQ=256, IRQ=20
[    5.870955] scsi 2:0:0:0: Direct-Access     VBOX     HARDDISK         1.0  PQ: 0 ANSI: 5
[    5.880681] scsi target2:0:0: Beginning Domain Validation
[    5.883876] scsi target2:0:0: Domain Validation skipping write tests
[    5.886437] scsi target2:0:0: Ending Domain Validation
[    5.887843] scsi target2:0:0: asynchronous
[    5.889405] scsi 2:0:1:0: Direct-Access     VBOX     HARDDISK         1.0  PQ: 0 ANSI: 5
[    5.898834] scsi target2:0:1: Beginning Domain Validation
[    5.929404] scsi target2:0:1: Domain Validation skipping write tests
[    5.936574] scsi target2:0:1: Ending Domain Validation
[    5.955597] scsi target2:0:1: asynchronous
[    5.987174] sd 2:0:0:0: [sda] 20971520 512-byte logical blocks: (10.7 GB/10.0 GiB)
[    6.015779] sd 2:0:0:0: Attached scsi generic sg0 type 0
[    6.021399] sd 2:0:0:0: [sda] Write Protect is off
[    6.021465] sd 2:0:0:0: [sda] Incomplete mode parameter data
[    6.021466] sd 2:0:0:0: [sda] Assuming drive cache: write through
[    6.023208]  sda: sda1
[    6.025066] sd 2:0:0:0: [sda] Attached SCSI disk
[    6.179917] sd 2:0:1:0: [sdb] 20480 512-byte logical blocks: (10.5 MB/10.0 MiB)
[    6.182699] sd 2:0:1:0: [sdb] Write Protect is off
[    6.184544] sd 2:0:1:0: Attached scsi generic sg1 type 0
[    6.186476] sd 2:0:1:0: [sdb] Incomplete mode parameter data
[    6.197551] sd 2:0:1:0: [sdb] Assuming drive cache: write through
[    6.218792] sd 2:0:1:0: [sdb] Attached SCSI disk
[    7.888781] floppy0: no floppy controllers found
Begin: Loading essential drivers ... [    9.477401] md: linear personality registered for level -1
[    9.483097] md: multipath personality registered for level -4
[    9.488030] md: raid0 personality registered for level 0
[    9.494093] md: raid1 personality registered for level 1
[    9.604853] raid6: sse2x1   gen()  4666 MB/s
[    9.672877] raid6: sse2x1   xor()  3435 MB/s
[    9.741893] raid6: sse2x2   gen()  5784 MB/s
[    9.820969] raid6: sse2x2   xor()  3836 MB/s
[    9.897542] raid6: sse2x4   gen()  5993 MB/s
[    9.967981] raid6: sse2x4   xor()  3959 MB/s
[    9.973799] raid6: using algorithm sse2x4 gen() 5993 MB/s
[    9.990539] raid6: .... xor() 3959 MB/s, rmw enabled
[    9.994463] raid6: using ssse3x2 recovery algorithm
[   10.032216] xor: automatically using best checksumming function:
[   10.137253]    avx       : 15238.000 MB/sec
[   10.175263] async_tx: api initialized (async)
[   10.208073] md: raid6 personality registered for level 6
[   10.223595] md: raid5 personality registered for level 5
[   10.232038] md: raid4 personality registered for level 4
[   10.256294] md: raid10 personality registered for level 10
done.
Begin: Running /scripts/init-premount ... done.
Begin: Mounting root file system ... Begin: Running /scripts/local-top ... done.
Begin: Running /scripts/local-premount ... [   10.306888] Btrfs loaded
Scanning for Btrfs filesystems
done.
Warning: fsck not present, so skipping root file system
[   10.547804] EXT4-fs (sda1): mounted filesystem with ordered data mode. Opts: (null)
done.
Begin: Running /scripts/local-bottom ... done.
Begin: Running /scripts/init-bottom ... done.
[   11.286170] random: nonblocking pool is initialized
[   12.636626] systemd[1]: systemd 229 running in system mode. (+PAM +AUDIT +SELINUX +IMA +APPARMOR +SMACK +SYSVINIT +UTMP +LIBCRYPTSETUP +GCRYPT +GNUTLS +ACL +XZ -LZ4 +SECCOMP +BLKID +ELFUTILS +KMOD -IDN)
[   12.650397] systemd[1]: Detected virtualization oracle.
[   12.659858] systemd[1]: Detected architecture x86-64.

Welcome to [1mUbuntu 16.04.3 LTS[0m!

[   12.730721] systemd[1]: Set hostname to <ubuntu>.
[   12.781817] systemd[1]: Initializing machine ID from random generator.
[   12.783559] systemd[1]: Installed transient /etc/machine-id file.
[   14.194622] systemd[1]: Reached target Swap.
[[0;32m  OK  [0m] Reached target Swap.
[   14.211548] systemd[1]: Listening on Syslog Socket.
[[0;32m  OK  [0m] Listening on Syslog Socket.
[   14.216691] systemd[1]: Created slice System Slice.
[[0;32m  OK  [0m] Created slice System Slice.
[   14.229811] systemd[1]: Listening on LVM2 poll daemon socket.
[[0;32m  OK  [0m] Listening on LVM2 poll daemon socket.
[   14.258719] systemd[1]: Reached target Encrypted Volumes.
[[0;32m  OK  [0m] Reached target Encrypted Volumes.
[   14.265505] systemd[1]: Created slice system-serial\x2dgetty.slice.
[[0;32m  OK  [0m] Created slice system-serial\x2dgetty.slice.
[   14.304239] systemd[1]: Reached target User and Group Name Lookups.
[[0;32m  OK  [0m] Reached target User and Group Name Lookups.
[   14.337077] systemd[1]: Started Forward Password Requests to Wall Directory Watch.
[[0;32m  OK  [0m] Started Forward Password Requests to Wall Directory Watch.
[   14.350633] systemd[1]: Listening on udev Control Socket.
[[0;32m  OK  [0m] Listening on udev Control Socket.
[   14.361329] systemd[1]: Set up automount Arbitrary Executable File Formats File System Automount Point.
[[0;32m  OK  [0m] Set up automount Arbitrary Executab...ats File System Automount Point.
[   14.366833] systemd[1]: Listening on Device-mapper event daemon FIFOs.
[[0;32m  OK  [0m] Listening on Device-mapper event daemon FIFOs.
[   14.370185] systemd[1]: Listening on Journal Socket (/dev/log).
[[0;32m  OK  [0m] Listening on Journal Socket (/dev/log).
[   14.393312] systemd[1]: Listening on LVM2 metadata daemon socket.
[[0;32m  OK  [0m] Listening on LVM2 metadata daemon socket.
[   14.401153] systemd[1]: Started Trigger resolvconf update for networkd DNS.
[[0;32m  OK  [0m] Started Trigger resolvconf update for networkd DNS.
[   14.407091] systemd[1]: Listening on /dev/initctl Compatibility Named Pipe.
[[0;32m  OK  [0m] Listening on /dev/initctl Compatibility Named Pipe.
[   14.419396] systemd[1]: Listening on udev Kernel Socket.
[[0;32m  OK  [0m] Listening on udev Kernel Socket.
[   14.432532] systemd[1]: Listening on Journal Socket.
[[0;32m  OK  [0m] Listening on Journal Socket.
[   14.449931] systemd[1]: Starting Uncomplicated firewall...
         Starting Uncomplicated firewall...
[   14.453941] systemd[1]: Starting Set console keymap...
         Starting Set console keymap...
[   14.485106] systemd[1]: Starting Remount Root and Kernel File Systems...
         Starting Remount Root and Kernel File Systems...
[   14.533283] systemd[1]: Starting Monitoring of LVM2 mirrors, snapshots etc. using dmeventd or progress polling...
         Starting Monitoring of LVM2 mirrors... dmeventd or progress polling...
[   14.547541] systemd[1]: Starting Create list of required static device nodes for the current kernel...
         Starting Create list of required st... nodes for the current kernel...
[   14.560764] systemd[1]: Mounting Debug File System...
         Mounting Debug File System...
[   14.573760] systemd[1]: Starting Nameserver information manager...
         Starting Nameserver information manager[   14.619948] EXT4-fs (sda1): re-mounted. Opts: (null)
...
[   14.649705] systemd[1]: Mounting POSIX Message Queue File System...
         Mounting POSIX Message Queue File System...
[   14.786162] systemd[1]: Starting Load Kernel Modules...
         Starting Load Kernel Modules...
[   14.888725] systemd[1]: Listening on Journal Audit Socket.
[[0;32m  OK  [0m] Listening on Journal Audit Socket.
[   14.957527] systemd[1]: Starting Journal Service...
         Starting Journal Service...
[   14.981575] systemd[1]: Created slice User and Session Slice.
[[0;32m  OK  [0m] Created slice User and Session Slice.
[   14.999697] systemd[1]: Reached target Slices.
[[0;32m  OK  [0m] Reached target Slices.
[   15.013859] Loading iSCSI transport class v2.0-870.
[   15.037623] systemd[1]: Mounting Huge Pages File System...
         Mounting Huge Pages File System...
[   15.076880] systemd[1]: Mounted POSIX Message Queue File System.
[[0;32m  OK  [0m] Mounted POSIX Message Queue File System.
[   15.116200] systemd[1]: Mounted Huge Pages File System.
[[0;32m  OK  [0m] Mounted Huge Pages File System.
[   15.120697] systemd[1]: Mounted Debug File System.
[[0;32m  OK  [0m] Mounted Debug File System.
[   15.124169] systemd[1]: Started Uncomplicated firewall.
[[0;32m  OK  [0m] Started Uncomplicated firewall.
[   15.136608] systemd[1]: Started Set console keymap.
[[0;32m  OK  [0m] Started Set console keymap.
[   15.145743] systemd[1]: Started Remount Root and Kernel File Systems.
[[0;32m  OK  [0m] Started Remount Root and Kernel File Systems.
[   15.169920] systemd[1]: Started Create list of required static device nodes for the current kernel.
[[0;32m  OK  [0m] Started Create list of required sta...ce nodes for the current kernel.
[   15.193635] iscsi: registered transport (tcp)
[   15.249212] systemd[1]: Starting Create Static Device Nodes in /dev...
         Starting Create Static Device Nodes in /dev...
[   15.301486] systemd[1]: Starting udev Coldplug all Devices...
         Starting udev Coldplug all Devices...
[   15.341651] systemd[1]: Starting Initial cloud-init job (pre-networking)...
         Starting Initial cloud-init job (pre-networking)...
[   15.398012] systemd[1]: Starting Load/Save Random Seed...
         Starting Load/Save Random Seed...
[   15.436345] systemd[1]: Started Nameserver information manager.
[[0;32m  OK  [0m] Started Nameserver information manager.
[   15.477939] systemd[1]: Started LVM2 metadata daemon.
[[0;32m  OK  [0m] Started LVM2 metadata daemon.
[   15.531162] systemd[1]: Started Load/Save Random Seed.
[[0;32m  OK  [0m] Started Load/Save Random Seed.
[   15.616333] systemd[1]: Started udev Coldplug all Devices.
[[0;32m  OK  [0m] Started udev Coldplug all Devices.
[   15.728068] systemd[1]: Started Journal Service.
[[0;32m  OK  [0m] Started Journal Service.
         Starting Flush Journal to Persistent Storage...
[   15.993264] systemd-journald[402]: Received request to flush runtime journal from PID 1
[   16.061477] iscsi: registered transport (iser)
[[0;32m  OK  [0m] Started Load Kernel Modules.
         Starting Apply Kernel Variables...
         Mounting FUSE Control File System...
[[0;32m  OK  [0m] Mounted FUSE Control File System.
[[0;32m  OK  [0m] Started Flush Journal to Persistent Storage.
[[0;32m  OK  [0m] Started Monitoring of LVM2 mirrors,...ng dmeventd or progress polling.
[[0;32m  OK  [0m] Started Create Static Device Nodes in /dev.
         Starting udev Kernel Device Manager...
[[0;32m  OK  [0m] Started Apply Kernel Variables.
[[0;32m  OK  [0m] Started udev Kernel Device Manager.
[[0;32m  OK  [0m] Reached target Local File Systems (Pre).
[[0;32m  OK  [0m] Reached target Local File Systems.
         Starting Tell Plymouth To Write Out Runtime Data...
         Starting Commit a transient machine-id on disk...
         Starting Set console font and keymap...
         Starting LSB: AppArmor initialization...
         Starting Create Volatile Files and Directories...
[[0;32m  OK  [0m] Started Dispatch Password Requests to Console Directory Watch.
[[0;32m  OK  [0m] Started Tell Plymouth To Write Out Runtime Data.
[[0;32m  OK  [0m] Started Commit a transient machine-id on disk.
[[0;32m  OK  [0m] Started Create Volatile Files and Directories.
[[0;32m  OK  [0m] Reached target System Time Synchronized.
         Starting Update UTMP about System Boot/Shutdown...
[[0;32m  OK  [0m] Found device /dev/ttyS0.
[[0;32m  OK  [0m] Started Update UTMP about System Boot/Shutdown.
[[0;32m  OK  [0m] Started Set console font and keymap.
[[0;32m  OK  [0m] Created slice system-getty.slice.
[[0;32m  OK  [0m] Listening on Load/Save RF Kill Switch Status /dev/rfkill Watch.
[[0;32m  OK  [0m] Started LSB: AppArmor initialization.
[   25.166679] cloud-init[421]: Cloud-init v. 17.1 running 'init-local' at Mon, 22 Jan 2018 13:13:54 +0000. Up 24.24 seconds.
[[0;32m  OK  [0m] Started Initial cloud-init job (pre-networking).
[[0;32m  OK  [0m] Reached target Network (Pre).
         Starting Raise network interfaces...
[[0;32m  OK  [0m] Started Raise network interfaces.
[[0;32m  OK  [0m] Reached target Network.
         Starting Initial cloud-init job (metadata service crawler)...
[   29.075999] cloud-init[943]: Cloud-init v. 17.1 running 'init' at Mon, 22 Jan 2018 13:13:56 +0000. Up 26.42 seconds.
[   29.081907] cloud-init[943]: ci-info: +++++++++++++++++++++++++++++++++++++Net device info+++++++++++++++++++++++++++++++++++++
[   29.085110] cloud-init[943]: ci-info: +--------+------+---------------------------+---------------+-------+-------------------+
[   29.086832] cloud-init[943]: ci-info: | Device |  Up  |          Address          |      Mask     | Scope |     Hw-Address    |
[   29.091730] cloud-init[943]: ci-info: +--------+------+---------------------------+---------------+-------+-------------------+
[   29.094960] cloud-init[943]: ci-info: | enp0s3 | True |         10.0.2.15         | 255.255.255.0 |   .   | 02:38:07:4c:82:85 |
[   29.101317] cloud-init[943]: ci-info: | enp0s3 | True | fe80::38:7ff:fe4c:8285/64 |       .       |  link | 02:38:07:4c:82:85 |
[   29.104454] cloud-init[943]: ci-info: |   lo   | True |         127.0.0.1         |   255.0.0.0   |   .   |         .         |
[   29.106177] cloud-init[943]: ci-info: |   lo   | True |          ::1/128          |       .       |  host |         .         |
[   29.133327] cloud-init[943]: ci-info: +--------+------+---------------------------+---------------+-------+-------------------+
[   29.135192] cloud-init[943]: ci-info: +++++++++++++++++++++++++++Route IPv4 info++++++++++++++++++++++++++++
[   29.137017] cloud-init[943]: ci-info: +-------+-------------+----------+---------------+-----------+-------+
[   29.144445] cloud-init[943]: ci-info: | Route | Destination | Gateway  |    Genmask    | Interface | Flags |
[[0;32m  OK  [0m] Started Initial cloud-init job (metadata service crawler).
[   29.153183] cloud-init[943]: ci-info: +-------+-------------+----------+---------------+-----------+-------+
[   29.185077] cloud-init[943]: ci-info: |   0   |   0.0.0.0   | 10.0.2.2 |    0.0.0.0    |   enp0s3  |   UG  |
[   29.203224] cloud-init[[0;32m  OK  [0m] Reached target System Initialization.
[[0;32m  OK  [0m] Listening on D-Bus System Message Bus Socket.
[[0;32m  OK  [0m] Listening on UUID daemon activation socket.
[[0;32m  OK  [0m] Listening on ACPID Listen Socket.
[[0;32m  OK  [0m] Started Timer to automatically refresh installed snaps.
[[0;32m  OK  [0m] Started Daily Cleanup of Temporary Directories.
[943]: ci-info: |   1   |   10.0.2.0  | 0.0.0.0  | 255.255.255.0 |   enp0s3  |   U   |
[   29.224119] cloud-init[943]: ci-info: +-------+-------------+----------+---------------+-----------+-------+
[   29.226486] cloud-init[943]: Generating public/private rsa key pair.
[   29.252361] [[0;32m  OK  [0m] Started ACPI Events Check.
[[0;32m  OK  [0m] Reached target Paths.
cloud-init[943]: Your identification has been saved in /etc/ssh/ssh_host_rsa_key.
[   29.266045] cloud-init[943]: Your public key has been saved in /etc/ssh/ssh_host_rsa_key.pub.
[   29.272383]          Starting LXD - unix socket.
cloud-init         Starting Socket activation for snappy daemon.
[[0;32m  OK  [0m] Reached target Network is Online.
[[0;32m  OK  [0m] Started Daily apt download activities.
[[0;32m  OK  [0m] Started Daily apt upgrade and clean activities.
[[0;32m  OK  [0m] Reached target Timers.
[943]: The key fingerprint is:
[   29.281951] cloud-init[943]: SHA256:OKnTN/Za6Jj6wLyAyod0QeuMgHqVoxdFtXwGTzaQvNM root@ubuntu-xenial
[   29.308997] cloud-init[943]: The key's randomart image is:
[   29.316905] cloud-init[943]: +---[RSA 2048]----+
         Starting iSCSI initiator daemon (iscsid)...
[[0;32m  OK  [0m] Reached target Cloud-config availability.
[[0;32m  OK  [0m] Listening on LXD - unix socket.
[   29.361998] cloud-init[943]: |     ..o+o+      |
[   29.385569] cloud-init[943]: |   .  ..o* .     |
[   29.385900] cloud-init[943]: |. . .o  oo+      |
[   29.386234] cloud-init[943]: |o  o=  oooE      |
[   29.386545] cloud-init[943]: |o +o.o+ S.       |
[   29.386885] cloud-init[943]: |.+o*.o . .       |
[   29.387221] cloud-init[943]: |o.+.* . = .      |
[   29.387562] cloud-init[943]: |o. o + * +       |
[   29.388002] cloud-init[943]: |... oo+ o..      |
[   29.388325] [[0;32m  OK  [0m] Listening on Socket activation for snappy daemon.
[[0;32m  OK  [0m] Reached target Sockets.
[[0;32m  OK  [0m] Reached target Basic System.
cloud-init[943]: +----[SHA256]-----+
[   29.393420] cloud-init[943]: Generating public/private dsa key pair.
[   29.396572] cloud-init[943]: Your identification has been saved in /etc/ssh/ssh_host_dsa_key.
[   29.398403] cloud-init[943]: Your public key has been saved in /etc/ssh/ssh_host_dsa_key.pub.
[   29.468677] cloud-init[943]: The key fingerprint is:
[   29.477271] cloud-init[943]: SHA256:HK6GvaslygiHVUAxAc7ExpCwBZzNxpb7XswkX+JAGBI root@ubuntu-xenial
[[0;32m  OK  [0m] Started Regular background program processing daemon.
[   29.510057] cloud-init[943]: The key's randomart image is:
[   29.516716] cloud-init[943]: +---[DSA 1024]----+
[   29.518013] cloud-init[943]: |@E&++            |
[   29.519243] cloud-init[943]: |=O.@ .           |
[   29.521411] cloud-init[943]: |ooo +   .        |
[   29.564103] cloud-init[943]: |   o o = o       |
[   29.578405] cloud-init[943]: |  . . O S        |
[[0;32m  OK  [0m] Started ACPI event daemon.
[   29.607670] cloud-init[943]: | o   + B         |
[   29.621001] cloud-init[943]: |o . + *          |
[   29.636517] cloud-init[943]: |.+ . = .         |
[[0;32m  OK  [0m] Started Deferred execution scheduler.
[   29.648469] cloud-init[943]: |. o ..o.         |
[   29.652348] cloud-init[943]: +----[SHA256]-----+
[   29.682682] cloud-init[943]: Generating public/private ecdsa key pair.
[   29.682998] cloud-init[943]: Your identification has been saved in /etc/ssh/ssh_host_ecdsa_key.
         Starting Pollinate to seed the pseudo random number generator...
[   29.683336] cloud-init[943]: Your public key has been saved in /etc/ssh/ssh_host_ecdsa_key.pub.
[   29.699348] cloud-init[943]: The key fingerprint is:
[   29.728405] cloud-init[943]: SHA256:JSFNclQrGEsKbIRPfHNosHnIqdJY/AMbCzyshlQ8Njk root@ubuntu-xenial
[   29.728725] cloud-init[943]: The key's randomart image is:
         Starting /etc/rc.local Compatibility...
[   29.728869] cloud-init[943]: +---[ECDSA 256]---+
[   29.780431] cloud-init[943]: | ==o..=+=..      |
[   29.780751] cloud-init[943]: |+o*E=o.B.. .     |
         Starting System Logging Service...
[[0;32m  OK  [0m] Started FUSE filesystem for LXC.
         Starting Login Service...
         Starting LSB: Record successful boot for GRUB...
[   29.780921] cloud-init[943]: |.O%o*oo o o      |
[   29.834199] cloud-init[943]: |+*oB     +       |
[   29.837183] cloud-init[943]: |*.+ o   S        |
[   29.844860] cloud-init[943]: |o    .           |
[   29.845205] cloud-init[943]: |                 |
         Starting Snappy daemon...
[   29.845354] cloud-init[943]: |                 |
[   29.929382]          cloud-initStarting Apply the settings specified in cloud-config...[943]: 
|                 |
[   29.988628]          cloud-initStarting LSB: MD monitoring daemon...[943]: 
+----[SHA256]-----+
[   30.012557] [cloud-init[0;32m  OK  [0m[943]: ] Generating public/private ed25519 key pair.Started D-Bus System Message Bus.

[   30.013005] cloud-init[943]: Your identification has been saved in /etc/ssh/ssh_host_ed25519_key.
[   30.021554] cloud-init[943]: Your public key has been saved in /etc/ssh/ssh_host_ed25519_key.pub.
[   30.028276] cloud-init[943]: The key fingerprint is:
[   30.032222] cloud-init[943]: SHA256:1OIcccdmfcnyPYjicmOyUVtiTZvlkg383/RHk3ymRQ0 root@ubuntu-xenial
[   30.036393] cloud-init[943]: The key's randomart image is:
[   30.045223] cloud-init[943]: +--[ED25519 256]--+
[   30.066324] cloud-init[943]: |        . o...E.o|
[   30.070271] cloud-init[943]: |         + =+o.o+|
[   30.074821] cloud-init[943]: |        + +o@ =oo|
[   30.084366] cloud-init[943]: |       + B O = *B|
[   30.090666] cloud-init[943]: |        S = . .**|
[   30.094930] cloud-init[943]: |       + *    ..+|
[   30.095883] cloud-init[943]: |        B .     .|
[   30.105691] cloud-init[943]: |       .         |
[   30.115270] cloud-init[943]: |                 |
[   30.125040] cloud-init[943]: +----[SHA256]-----+
[   31.407436] cloud-init[1072]: Generating locales (this might take a while)...
[[0;32m  OK  [0m] Started Unattended Upgrades Shutdown.
         Starting Accounts Service...
         Starting LXD - container startup/shutdown...
[[0;32m  OK  [0m] Started System Logging Service.
[[0;32m  OK  [0m] Started /etc/rc.local Compatibility.
[[0;32m  OK  [0m] Started Login Service.
[[0;32m  OK  [0m] Started LSB: Record successful boot for GRUB.
[[0;32m  OK  [0m] Started iSCSI initiator daemon (iscsid).
         Starting Login to default iSCSI targets...
[[0;32m  OK  [0m] Started LSB: MD monitoring daemon.
[[0;32m  OK  [0m] Started Login to default iSCSI targets.
[[0;32m  OK  [0m] Reached target Remote File Systems (Pre).
[[0;32m  OK  [0m] Reached target Remote File Systems.
         Starting LSB: Set the CPU Frequency Scaling governor to "ondemand"...
         Starting Permit User Sessions...
         Starting LSB: automatic crash report generation...
         Starting LSB: VirtualBox Linux Additions...
         Starting LSB: daemon to balance interrupts for SMP systems...
[[0;32m  OK  [0m] Started LSB: Set the CPU Frequency Scaling governor to "ondemand".
[[0;32m  OK  [0m] Started Permit User Sessions.
         Starting Hold until boot process finishes up...
         Starting Terminate Plymouth Boot Screen...
[[0;32m  OK  [0m] Started Hold until boot process finishes up.
[[0;32m  OK  [0m] Started Terminate Plymouth Boot Screen.
         Starting Set console scheme...
[[0;32m  OK  [0m] Started Serial Getty on ttyS0.
[[0;32m  OK  [0m] Started Getty on tty1.
[[0;32m  OK  [0m] Reached target Login Prompts.
[[0;32m  OK  [0m] Started LSB: automatic crash report generation.
[[0;32m  OK  [0m] Started Set console scheme.
[[0;32m  OK  [0m] Started LSB: daemon to balance interrupts for SMP systems.
[[0;32m  OK  [0m] Started LSB: VirtualBox Linux Additions.
         Starting Authenticate and Authorize Users to Run Privileged Tasks...
[   35.648951] cloud-init[1072]:   en_US.UTF-8... done
[   35.651595] cloud-init[1072]: Generation complete.
[[0;32m  OK  [0m] Started Authenticate and Authorize Users to Run Privileged Tasks.
[[0;32m  OK  [0m] Started Accounts Service.
[[0;32m  OK  [0m] Started Pollinate to seed the pseudo random number generator.
         Starting OpenBSD Secure Shell server...
[[0;32m  OK  [0m] Started Snappy daemon.

Ubuntu 16.04.3 LTS ubuntu-xenial ttyS0

ubuntu-xenial login: [   41.187120] cloud-init[1072]: Cloud-init v. 17.1 running 'modules:config' at Mon, 22 Jan 2018 13:14:00 +0000. Up 30.26 seconds.
ci-info: no authorized ssh keys fingerprints found for user ubuntu.
<14>Jan 22 13:14:12 ec2: 
<14>Jan 22 13:14:12 ec2: #############################################################
<14>Jan 22 13:14:12 ec2: -----BEGIN SSH HOST KEY FINGERPRINTS-----
<14>Jan 22 13:14:12 ec2: 1024 SHA256:HK6GvaslygiHVUAxAc7ExpCwBZzNxpb7XswkX+JAGBI root@ubuntu-xenial (DSA)
<14>Jan 22 13:14:12 ec2: 256 SHA256:JSFNclQrGEsKbIRPfHNosHnIqdJY/AMbCzyshlQ8Njk root@ubuntu-xenial (ECDSA)
<14>Jan 22 13:14:12 ec2: 256 SHA256:1OIcccdmfcnyPYjicmOyUVtiTZvlkg383/RHk3ymRQ0 root@ubuntu-xenial (ED25519)
<14>Jan 22 13:14:12 ec2: 2048 SHA256:OKnTN/Za6Jj6wLyAyod0QeuMgHqVoxdFtXwGTzaQvNM root@ubuntu-xenial (RSA)
<14>Jan 22 13:14:12 ec2: -----END SSH HOST KEY FINGERPRINTS-----
<14>Jan 22 13:14:12 ec2: #############################################################
-----BEGIN SSH HOST KEY KEYS-----
ecdsa-sha2-nistp256 AAAAE2VjZHNhLXNoYTItbmlzdHAyNTYAAAAIbmlzdHAyNTYAAABBBHWg9x3nkHR48sB0oLgikdAbtlJCb1sinyL0I4n6XaQHcxWq6aDx9zAiyNONPqiCU7Q3Ww+fX1pxHqorEl9+6GA= root@ubuntu-xenial
ssh-ed25519 AAAAC3NzaC1lZDI1NTE5AAAAIKM+X9MSF5Nrb7bbeFaq4SK3wTGmGaAN4k09HeaPWJ9b root@ubuntu-xenial
ssh-rsa AAAAB3NzaC1yc2EAAAADAQABAAABAQDKLr2sYRIrPYk/9ropxbBJzcuGS1RvbazkpF5fxgMtwOOAk79+pTfBY8o6pP/nFvO3c8v8luIcuSFVhzZ1QCctStJKc0H3bARPTJAk3HC1wiQ8wklmKdkYxHbR/M4r9qpIGMF4EjB91r1ElTiHJ8jCTAlT1PbkcNYuoSUbvEFviK6/89jax14+JlUNfosCfQdvvrFIGMVEBCW6wVaDIgTanEarriy3bIg/wWToYhXjOqofZsgr7phO6L6GyUTaTkoph2HRFZuXRswQ/BIpa7hkOr4C4b2olB4kschOLH0yDeT2Xm8W8purMS+bDqq4DG18sj2MUpfPjs34s/yG5rVV root@ubuntu-xenial
-----END SSH HOST KEY KEYS-----
[   42.217413] cloud-init[1306]: Cloud-init v. 17.1 running 'modules:final' at Mon, 22 Jan 2018 13:14:11 +0000. Up 41.81 seconds.
[   42.217725] cloud-init[1306]: ci-info: no authorized ssh keys fingerprints found for user ubuntu.
[   42.217925] cloud-init[1306]: Cloud-init v. 17.1 finished at Mon, 22 Jan 2018 13:14:12 +0000. Datasource DataSourceNoCloud [seed=/dev/sdb][dsmode=net].  Up 42.19 seconds
